# JRE version: OpenJDK Runtime Environment (17.0.7) (build 17.0.7+0-b2043.56-10550314)
# Java VM: OpenJDK 64-Bit Server VM (17.0.7+0-b2043.56-10550314, mixed mode, tiered, compressed oops, compressed class ptrs, g1 gc, windows-amd64)
GC Precious Log:
 CPUs: 16 total, 16 available
 Memory: 16100M
 Large Page Support: Disabled
 NUMA Support: Disabled
 Compressed Oops: Enabled (32-bit)
 Heap Region Size: 1M
 Heap Min Capacity: 8M
 Heap Initial Capacity: 252M
 Heap Max Capacity: 2G
 Pre-touch: Disabled
 Parallel Workers: 13
 Concurrent Workers: 3
 Concurrent Refinement Workers: 13
 Periodic GC: Disabled
Heap:
 garbage-first heap   total 71680K, used 47588K [0x0000000080000000, 0x0000000100000000)
  region size 1024K, 29 young (29696K), 2 survivors (2048K)
 Metaspace       used 34470K, committed 34816K, reserved 1114112K
  class space    used 4721K, committed 4864K, reserved 1048576K
GC Heap History (12 events):
Event: 0.514 GC heap before
{Heap before GC invocations=0 (full 0):
 garbage-first heap   total 258048K, used 26624K [0x0000000080000000, 0x0000000100000000)
  region size 1024K, 23 young (23552K), 0 survivors (0K)
 Metaspace       used 10306K, committed 10432K, reserved 1114112K
  class space    used 1060K, committed 1088K, reserved 1048576K
}
Event: 0.517 GC heap after
{Heap after GC invocations=1 (full 0):
 garbage-first heap   total 258048K, used 10656K [0x0000000080000000, 0x0000000100000000)
  region size 1024K, 3 young (3072K), 3 survivors (3072K)
 Metaspace       used 10306K, committed 10432K, reserved 1114112K
  class space    used 1060K, committed 1088K, reserved 1048576K
}
Event: 0.794 GC heap before
{Heap before GC invocations=1 (full 0):
 garbage-first heap   total 258048K, used 38304K [0x0000000080000000, 0x0000000100000000)
  region size 1024K, 30 young (30720K), 3 survivors (3072K)
 Metaspace       used 11507K, committed 11648K, reserved 1114112K
  class space    used 1196K, committed 1280K, reserved 1048576K
}
Event: 0.797 GC heap after
{Heap after GC invocations=2 (full 0):
 garbage-first heap   total 258048K, used 11281K [0x0000000080000000, 0x0000000100000000)
  region size 1024K, 1 young (1024K), 1 survivors (1024K)
 Metaspace       used 11507K, committed 11648K, reserved 1114112K
  class space    used 1196K, committed 1280K, reserved 1048576K
}
Event: 1.877 GC heap before
{Heap before GC invocations=2 (full 0):
 garbage-first heap   total 258048K, used 60433K [0x0000000080000000, 0x0000000100000000)
  region size 1024K, 50 young (51200K), 1 survivors (1024K)
 Metaspace       used 21355K, committed 21504K, reserved 1114112K
  class space    used 2559K, committed 2624K, reserved 1048576K
}
Event: 1.881 GC heap after
{Heap after GC invocations=3 (full 0):
 garbage-first heap   total 258048K, used 18620K [0x0000000080000000, 0x0000000100000000)
  region size 1024K, 9 young (9216K), 9 survivors (9216K)
 Metaspace       used 21355K, committed 21504K, reserved 1114112K
  class space    used 2559K, committed 2624K, reserved 1048576K
}
Event: 2.316 GC heap before
{Heap before GC invocations=4 (full 0):
 garbage-first heap   total 71680K, used 51388K [0x0000000080000000, 0x0000000100000000)
  region size 1024K, 42 young (43008K), 9 survivors (9216K)
 Metaspace       used 26139K, committed 26432K, reserved 1114112K
  class space    used 3404K, committed 3520K, reserved 1048576K
}
Event: 2.322 GC heap after
{Heap after GC invocations=5 (full 0):
 garbage-first heap   total 71680K, used 20371K [0x0000000080000000, 0x0000000100000000)
  region size 1024K, 3 young (3072K), 3 survivors (3072K)
 Metaspace       used 26139K, committed 26432K, reserved 1114112K
  class space    used 3404K, committed 3520K, reserved 1048576K
}
Event: 2.340 GC heap before
{Heap before GC invocations=5 (full 0):
 garbage-first heap   total 71680K, used 21395K [0x0000000080000000, 0x0000000100000000)
  region size 1024K, 4 young (4096K), 3 survivors (3072K)
 Metaspace       used 26327K, committed 26624K, reserved 1114112K
  class space    used 3423K, committed 3584K, reserved 1048576K
}
Event: 2.342 GC heap after
{Heap after GC invocations=6 (full 0):
 garbage-first heap   total 71680K, used 20812K [0x0000000080000000, 0x0000000100000000)
  region size 1024K, 1 young (1024K), 1 survivors (1024K)
 Metaspace       used 26327K, committed 26624K, reserved 1114112K
  class space    used 3423K, committed 3584K, reserved 1048576K
}
Event: 2.757 GC heap before
{Heap before GC invocations=6 (full 0):
 garbage-first heap   total 71680K, used 51532K [0x0000000080000000, 0x0000000100000000)
  region size 1024K, 31 young (31744K), 1 survivors (1024K)
 Metaspace       used 30468K, committed 30784K, reserved 1114112K
  class space    used 4107K, committed 4224K, reserved 1048576K
}
Event: 2.759 GC heap after
{Heap after GC invocations=7 (full 0):
 garbage-first heap   total 71680K, used 21988K [0x0000000080000000, 0x0000000100000000)
  region size 1024K, 2 young (2048K), 2 survivors (2048K)
 Metaspace       used 30468K, committed 30784K, reserved 1114112K
  class space    used 4107K, committed 4224K, reserved 1048576K
}

