# JRE version: OpenJDK Runtime Environment (17.0.7) (build 17.0.7+0-b2043.56-10550314)
# Java VM: OpenJDK 64-Bit Server VM (17.0.7+0-b2043.56-10550314, mixed mode, tiered, compressed oops, compressed class ptrs, g1 gc, windows-amd64)
GC Precious Log:
 CPUs: 16 total, 16 available
 Memory: 16100M
 Large Page Support: Disabled
 NUMA Support: Disabled
 Compressed Oops: Enabled (32-bit)
 Heap Region Size: 1M
 Heap Min Capacity: 8M
 Heap Initial Capacity: 252M
 Heap Max Capacity: 2G
 Pre-touch: Disabled
 Parallel Workers: 13
 Concurrent Workers: 3
 Concurrent Refinement Workers: 13
 Periodic GC: Disabled
Heap:
 garbage-first heap   total 203776K, used 130322K [0x0000000080000000, 0x0000000100000000)
  region size 1024K, 18 young (18432K), 2 survivors (2048K)
 Metaspace       used 107890K, committed 108672K, reserved 1179648K
  class space    used 14703K, committed 15104K, reserved 1048576K
GC Heap History (20 events):
Event: 10.160 GC heap before
{Heap before GC invocations=23 (full 0):
 garbage-first heap   total 182272K, used 150431K [0x0000000080000000, 0x0000000100000000)
  region size 1024K, 91 young (93184K), 2 survivors (2048K)
 Metaspace       used 74970K, committed 75520K, reserved 1114112K
  class space    used 9935K, committed 10176K, reserved 1048576K
}
Event: 10.165 GC heap after
{Heap after GC invocations=24 (full 0):
 garbage-first heap   total 182272K, used 59939K [0x0000000080000000, 0x0000000100000000)
  region size 1024K, 9 young (9216K), 9 survivors (9216K)
 Metaspace       used 74970K, committed 75520K, reserved 1114112K
  class space    used 9935K, committed 10176K, reserved 1048576K
}
Event: 11.286 GC heap before
{Heap before GC invocations=24 (full 0):
 garbage-first heap   total 182272K, used 142883K [0x0000000080000000, 0x0000000100000000)
  region size 1024K, 90 young (92160K), 9 survivors (9216K)
 Metaspace       used 82422K, committed 83008K, reserved 1179648K
  class space    used 10922K, committed 11200K, reserved 1048576K
}
Event: 11.296 GC heap after
{Heap after GC invocations=25 (full 0):
 garbage-first heap   total 182272K, used 64502K [0x0000000080000000, 0x0000000100000000)
  region size 1024K, 5 young (5120K), 5 survivors (5120K)
 Metaspace       used 82422K, committed 83008K, reserved 1179648K
  class space    used 10922K, committed 11200K, reserved 1048576K
}
Event: 12.247 GC heap before
{Heap before GC invocations=25 (full 0):
 garbage-first heap   total 182272K, used 146422K [0x0000000080000000, 0x0000000100000000)
  region size 1024K, 84 young (86016K), 5 survivors (5120K)
 Metaspace       used 88586K, committed 89152K, reserved 1179648K
  class space    used 11997K, committed 12224K, reserved 1048576K
}
Event: 12.252 GC heap after
{Heap after GC invocations=26 (full 0):
 garbage-first heap   total 182272K, used 67230K [0x0000000080000000, 0x0000000100000000)
  region size 1024K, 8 young (8192K), 8 survivors (8192K)
 Metaspace       used 88586K, committed 89152K, reserved 1179648K
  class space    used 11997K, committed 12224K, reserved 1048576K
}
Event: 13.346 GC heap before
{Heap before GC invocations=26 (full 0):
 garbage-first heap   total 182272K, used 147102K [0x0000000080000000, 0x0000000100000000)
  region size 1024K, 86 young (88064K), 8 survivors (8192K)
 Metaspace       used 96234K, committed 96896K, reserved 1179648K
  class space    used 13120K, committed 13440K, reserved 1048576K
}
Event: 13.352 GC heap after
{Heap after GC invocations=27 (full 0):
 garbage-first heap   total 182272K, used 72123K [0x0000000080000000, 0x0000000100000000)
  region size 1024K, 8 young (8192K), 8 survivors (8192K)
 Metaspace       used 96234K, committed 96896K, reserved 1179648K
  class space    used 13120K, committed 13440K, reserved 1048576K
}
Event: 14.224 GC heap before
{Heap before GC invocations=27 (full 0):
 garbage-first heap   total 182272K, used 147899K [0x0000000080000000, 0x0000000100000000)
  region size 1024K, 83 young (84992K), 8 survivors (8192K)
 Metaspace       used 98414K, committed 99072K, reserved 1179648K
  class space    used 13376K, committed 13696K, reserved 1048576K
}
Event: 14.247 GC heap after
{Heap after GC invocations=28 (full 0):
 garbage-first heap   total 182272K, used 83307K [0x0000000080000000, 0x0000000100000000)
  region size 1024K, 11 young (11264K), 11 survivors (11264K)
 Metaspace       used 98414K, committed 99072K, reserved 1179648K
  class space    used 13376K, committed 13696K, reserved 1048576K
}
Event: 15.214 GC heap before
{Heap before GC invocations=28 (full 0):
 garbage-first heap   total 182272K, used 148843K [0x0000000080000000, 0x0000000100000000)
  region size 1024K, 71 young (72704K), 11 survivors (11264K)
 Metaspace       used 101991K, committed 102720K, reserved 1179648K
  class space    used 13973K, committed 14336K, reserved 1048576K
}
Event: 15.220 GC heap after
{Heap after GC invocations=29 (full 0):
 garbage-first heap   total 182272K, used 89356K [0x0000000080000000, 0x0000000100000000)
  region size 1024K, 6 young (6144K), 6 survivors (6144K)
 Metaspace       used 101991K, committed 102720K, reserved 1179648K
  class space    used 13973K, committed 14336K, reserved 1048576K
}
Event: 15.912 GC heap before
{Heap before GC invocations=29 (full 0):
 garbage-first heap   total 182272K, used 108812K [0x0000000080000000, 0x0000000100000000)
  region size 1024K, 27 young (27648K), 6 survivors (6144K)
 Metaspace       used 102771K, committed 103488K, reserved 1179648K
  class space    used 14110K, committed 14464K, reserved 1048576K
}
Event: 15.916 GC heap after
{Heap after GC invocations=30 (full 0):
 garbage-first heap   total 182272K, used 91266K [0x0000000080000000, 0x0000000100000000)
  region size 1024K, 3 young (3072K), 3 survivors (3072K)
 Metaspace       used 102771K, committed 103488K, reserved 1179648K
  class space    used 14110K, committed 14464K, reserved 1048576K
}
Event: 17.220 GC heap before
{Heap before GC invocations=31 (full 0):
 garbage-first heap   total 182272K, used 149634K [0x0000000080000000, 0x0000000100000000)
  region size 1024K, 59 young (60416K), 3 survivors (3072K)
 Metaspace       used 105394K, committed 106112K, reserved 1179648K
  class space    used 14431K, committed 14784K, reserved 1048576K
}
Event: 17.228 GC heap after
{Heap after GC invocations=32 (full 0):
 garbage-first heap   total 182272K, used 113339K [0x0000000080000000, 0x0000000100000000)
  region size 1024K, 8 young (8192K), 8 survivors (8192K)
 Metaspace       used 105394K, committed 106112K, reserved 1179648K
  class space    used 14431K, committed 14784K, reserved 1048576K
}
Event: 17.255 GC heap before
{Heap before GC invocations=32 (full 0):
 garbage-first heap   total 182272K, used 113339K [0x0000000080000000, 0x0000000100000000)
  region size 1024K, 9 young (9216K), 8 survivors (8192K)
 Metaspace       used 105411K, committed 106112K, reserved 1179648K
  class space    used 14431K, committed 14784K, reserved 1048576K
}
Event: 17.298 GC heap after
{Heap after GC invocations=33 (full 0):
 garbage-first heap   total 182272K, used 115289K [0x0000000080000000, 0x0000000100000000)
  region size 1024K, 1 young (1024K), 1 survivors (1024K)
 Metaspace       used 105411K, committed 106112K, reserved 1179648K
  class space    used 14431K, committed 14784K, reserved 1048576K
}
Event: 18.253 GC heap before
{Heap before GC invocations=33 (full 0):
 garbage-first heap   total 182272K, used 161369K [0x0000000080000000, 0x0000000100000000)
  region size 1024K, 30 young (30720K), 1 survivors (1024K)
 Metaspace       used 107063K, committed 107840K, reserved 1179648K
  class space    used 14612K, committed 14976K, reserved 1048576K
}
Event: 18.257 GC heap after
{Heap after GC invocations=34 (full 0):
 garbage-first heap   total 182272K, used 115986K [0x0000000080000000, 0x0000000100000000)
  region size 1024K, 2 young (2048K), 2 survivors (2048K)
 Metaspace       used 107063K, committed 107840K, reserved 1179648K
  class space    used 14612K, committed 14976K, reserved 1048576K
}

